GAS LISTING isr_stubs.s 			page 1


   1              	# 1 "isr_stubs.S"
   1              	/*
   0              	
   0              	
   2              	** SCCS ID:	@(#)isr_stubs.S	1.8	3/29/18
   3              	**
   4              	** File:	isr_stubs.S
   5              	**
   6              	** Author:	K. Reek
   7              	**
   8              	** Contributor:	Jon Coles, Warren R. Carithers, Margaret Reek, and
   9              	**		numerous SP classes.
  10              	**
  11              	** Description:	Stubs for ISRs.
  12              	**
  13              	**	This module provides the stubs needed for interrupts to save
  14              	**	the machine state before calling the ISR.  All interrupts have
  15              	**	their own stub which pushes the interrupt number on the stack.
  16              	**	This makes it possible for a common ISR to determine which
  17              	**	interrupted occurred.
  18              	*/
  19              		.arch	i386
  20              	
  21              	#include "bootstrap.h"
   1              	/*
  22              	
  23              	/*
  24              	** Configuration options - define in Makefile
  25              	**
  26              	**	ISR_DEBUGGING_CODE	include context restore debugging code
  27              	*/
  28              	
  29              		.text
  30              	
  31              	/*
  32              	** Macros for the isr stubs.  Some interrupts push an error code on
  33              	** the stack and others don't; for those that don't we simply push
  34              	** a zero so that cleaning up from either type is identical.
  35              	*/
  36              	
  37              	#define	ISR(vector)			\
  38              		.globl	__isr_##vector		; \
  39              	__isr_##vector:				; \
  40              		pushl	$0			; \
  41              		pushl	$vector			; \
  42              		jmp	isr_save
  43              	
  44              	#define	ERR_ISR(vector)		\
  45              		.globl	__isr_##vector		; \
  46              	__isr_##vector:				; \
  47              		pushl	$vector			; \
  48              		jmp	isr_save
  49              	
  50              		.globl	__isr_table
  51              		.globl	__isr_restore
  52              	
  53              	/*
GAS LISTING isr_stubs.s 			page 2


  54              	** This routine saves the machine state, calls the ISR, and then
  55              	** restores the machine state and returns from the interrupt.
  56              	**
  57              	********************************************************************
  58              	********************************************************************
  59              	** NOTE:  this code is highly application-specific, and will most **
  60              	** probably require modification to tailor it.                    **
  61              	**                                                                **
  62              	** Examples of mods:  switch to/from user stack, context switch   **
  63              	** changes, etc.                                                  **
  64              	********************************************************************
  65              	********************************************************************
  66              	*/
  67              	
  68              	isr_save:
  69              	
  70              	/*
  71              	** Begin by saving the CPU state (except for the FP context information).
  72              	**
  73              	** At this point, the stack looks like this:
  74              	**
  75              	**  esp ->  vector #		saved by the entry macro
  76              	**	    error code, or 0	saved by the hardware, or the entry macro
  77              	**	    saved EIP		saved by the hardware
  78              	**	    saved CS		saved by the hardware
  79              	**	    saved EFLAGS	saved by the hardware
  80              	*/
  81 0000 60       		pusha			// save E*X, ESP, EBP, ESI, EDI
  82 0001 1E       		pushl	%ds		// save segment registers
  83 0002 06       		pushl	%es
  84 0003 0FA0     		pushl	%fs
  85 0005 0FA8     		pushl	%gs
  86 0007 16       		pushl	%ss
  87              	
  88              	/*
  89              	** Stack contents (all 32-bit longwords) and offsets from ESP:
  90              	**
  91              	**   SS GS FS ES DS EDI ESI EBP ESP EBX EDX ECX EAX vec cod EIP CS EFL
  92              	**   0  4  8  12 16 20  24  28  32  36  40  44  48  52  56  60  64 68
  93              	**
  94              	** Note that the saved ESP is the contents before the PUSHA.
  95              	**
  96              	** Set up parameters for the ISR call.
  97              	*/
  98 0008 8B442434 		movl	52(%esp),%eax	// get vector number and error code
  99 000c 8B5C2438 		movl	56(%esp),%ebx
 100              	
 101              	/*
 102              	** MOD for 20175 CSCI452
 103              	*/
 104              	
 105              		.globl	_current
 106              		.globl	_system_esp
 107              	
 108 0010 8B150000 		movl	_current, %edx	// save context pointer for the current proc
 108      0000
 109 0016 8922     		movl	%esp, (%edx)	// *** must be the first field in the PCB
GAS LISTING isr_stubs.s 			page 3


 110              	
 111              		/*
 112              		** IMPORTANT NOTE:  this code is inherently non-reentrant!
 113              		**
 114              		** If/when the OS is converted from monolithic to something that
 115              		** supports reentrant ISRs or interruptable ISRs, this code will
 116              		** need to be changed.
 117              		*/
 118              	
 119 0018 8B250000 		movl	_system_esp, %esp	// switch to the OS stack
 119      0000
 120              	
 121              	/*
 122              	** END MOD for 20175 CSCI452
 123              	*/
 124              	
 125 001e 53       		pushl	%ebx		// put them on the top of the stack ...
 126 001f 50       		pushl	%eax		// ... as parameters for the ISR
 127              	
 128              	/*
 129              	** Call the ISR
 130              	*/
 131 0020 8B1C8500 		movl	__isr_table(,%eax,4),%ebx
 131      000000
 132 0027 FFD3     		call	*%ebx
 133 0029 83C408   		addl	$8,%esp		// pop the two parameters
 134              	
 135              	/*
 136              	** Context restore begins here
 137              	*/
 138              	
 139              	__isr_restore:
 140              	
 141              	/*
 142              	** MOD for 20175 CSCI452
 143              	*/
 144 002c 8B1D0000 		movl	_current, %ebx	// return to user stack
 144      0000
 145 0032 8B23     		movl	(%ebx), %esp	// ESP now points to context save area
 146              	
 147              	/*
 148              	** END MOD for 20175 CSCI452
 149              	*/
 150              	
 151              	#ifdef ISR_DEBUGGING_CODE
 152              	/*
 153              	** DEBUGGING CODE PART 1
 154              	**
 155              	** This code will execute during each context restore, and 
 156              	** should be modified to print out whatever debugging information
 157              	** is desired.
 158              	**
 159              	** By default, it prints out the CPU context being restored; it
 160              	** relies on the standard save sequence (see above).
 161              	*/
 162              	
 163              	/*
GAS LISTING isr_stubs.s 			page 4


 164              	** MOD for 20175 CSCI452
 165              	*/
 166              	
 167              		/*
 168              		** In addition to the basic context information, print
 169              		** the current system time and the PID and PPID of the
 170              		** process whose context is being restored.
 171              		**
 172              		** THE movw CONSTANTS MUST BE CHANGED IF THE LOCATION OF
 173              		** EITHER FIELD IN THE PCB CHANGES!
 174              		*/
 175              	
 176              		.globl	_system_time
 177              	
 178 0034 31C0     		xorl	%eax, %eax
 179 0036 668B4312 		movw	18(%ebx), %ax	// PPID
 180 003a 50       		pushl	%eax
 181 003b 668B4310 		movw	16(%ebx), %ax	// PID
 182 003f 50       		pushl	%eax
 183 0040 FF350000 		pushl	_system_time	// current system time
 183      0000
 184              	
 185              	/*
 186              	** END MOD for 20175 CSCI452
 187              	*/
 188              	
 189 0046 68630000 		pushl	$fmt
 189      00
 190 004b 6A01     		pushl	$1
 191 004d 6A00     		pushl	$0
 192 004f E8FCFFFF 		call	c_printf_at
 192      FF
 193              	
 194              	/*
 195              	** MOD for 20175 CSCI452
 196              	*/
 197 0054 83C418   		addl	$24,%esp	// now six things to remove
 198              	
 199              	/*
 200              	** END MOD for 20175 CSCI452
 201              	*/
 202              	
 203              	/*
 204              	** END OF DEBUGGING CODE PART 1
 205              	*/
 206              	#endif
 207              	
 208              	/*
 209              	** Restore the context.
 210              	*/
 211 0057 17       		popl	%ss		// restore the segment registers
 212 0058 0FA9     		popl	%gs
 213 005a 0FA1     		popl	%fs
 214 005c 07       		popl	%es
 215 005d 1F       		popl	%ds
 216 005e 61       		popa			// restore others
 217 005f 83C408   		addl	$8, %esp	// discard the error code and vector
GAS LISTING isr_stubs.s 			page 5


 218 0062 CF       		iret			// and return
 219              	
 220              	#ifdef ISR_DEBUGGING_CODE
 221              	/*
 222              	** DEBUGGING CODE PART 2
 223              	*/
 224              	
 225              	/*
 226              	** MOD MOD for 20175 CSCI452
 227              	*/
 228 0063 74696D65 	fmt:	.ascii	"time %08x pid %5d ppid %5d\n"
 228      20253038 
 228      78207069 
 228      64202535 
 228      64207070 
 229 007e 2073733D 		.ascii	" ss=%08x  gs=%08x  fs=%08x  es=%08x  ds=%08x\n"
 229      25303878 
 229      20206773 
 229      3D253038 
 229      78202066 
 230              	/*
 231              	** END MOD for 20175 CSCI452
 232              	*/
 233 00ab 6564693D 		.ascii	"edi=%08x esi=%08x ebp=%08x esp=%08x ebx=%08x\n"
 233      25303878 
 233      20657369 
 233      3D253038 
 233      78206562 
 234 00d8 6564783D 		.ascii	"edx=%08x ecx=%08x eax=%08x vec=%08x cod=%08x\n"
 234      25303878 
 234      20656378 
 234      3D253038 
 234      78206561 
 235 0105 6569703D 		.string	"eip=%08x  cs=%08x efl=%08x\n"
 235      25303878 
 235      20206373 
 235      3D253038 
 235      78206566 
 236              	
 237              	/*
 238              	** END OF DEBUGGING CODE PART 2
 239              	*/
 240              	#endif
 241              	
 242              	/*
 243              	** Here we generate the individual stubs for each interrupt.
 244              	*/
 245 0121 6A006A00 	ISR(0x00);	ISR(0x01);	ISR(0x02);	ISR(0x03);
 245      E9D6FEFF 
 245      FF6A006A 
 245      01E9CDFE 
 245      FFFF6A00 
 246 0145 6A006A04 	ISR(0x04);	ISR(0x05);	ISR(0x06);	ISR(0x07);
 246      E9B2FEFF 
 246      FF6A006A 
 246      05E9A9FE 
 246      FFFF6A00 
GAS LISTING isr_stubs.s 			page 6


 247 0169 6A08E990 	ERR_ISR(0x08);	ISR(0x09);	ERR_ISR(0x0a);	ERR_ISR(0x0b);
 247      FEFFFF6A 
 247      006A09E9 
 247      87FEFFFF 
 247      6A0AE980 
 248 0187 6A0CE972 	ERR_ISR(0x0c);	ERR_ISR(0x0d);	ERR_ISR(0x0e);	ISR(0x0f);
 248      FEFFFF6A 
 248      0DE96BFE 
 248      FFFF6A0E 
 248      E964FEFF 
 249 01a5 6A006A10 	ISR(0x10);	ERR_ISR(0x11);	ISR(0x12);	ISR(0x13);
 249      E952FEFF 
 249      FF6A11E9 
 249      4BFEFFFF 
 249      6A006A12 
 250 01c7 6A006A14 	ISR(0x14);	ISR(0x15);	ISR(0x16);	ISR(0x17);
 250      E930FEFF 
 250      FF6A006A 
 250      15E927FE 
 250      FFFF6A00 
 251 01eb 6A006A18 	ISR(0x18);	ISR(0x19);	ISR(0x1a);	ISR(0x1b);
 251      E90CFEFF 
 251      FF6A006A 
 251      19E903FE 
 251      FFFF6A00 
 252 020f 6A006A1C 	ISR(0x1c);	ISR(0x1d);	ISR(0x1e);	ISR(0x1f);
 252      E9E8FDFF 
 252      FF6A006A 
 252      1DE9DFFD 
 252      FFFF6A00 
 253 0233 6A006A20 	ISR(0x20);	ISR(0x21);	ISR(0x22);	ISR(0x23);
 253      E9C4FDFF 
 253      FF6A006A 
 253      21E9BBFD 
 253      FFFF6A00 
 254 0257 6A006A24 	ISR(0x24);	ISR(0x25);	ISR(0x26);	ISR(0x27);
 254      E9A0FDFF 
 254      FF6A006A 
 254      25E997FD 
 254      FFFF6A00 
 255 027b 6A006A28 	ISR(0x28);	ISR(0x29);	ISR(0x2a);	ISR(0x2b);
 255      E97CFDFF 
 255      FF6A006A 
 255      29E973FD 
 255      FFFF6A00 
 256 029f 6A006A2C 	ISR(0x2c);	ISR(0x2d);	ISR(0x2e);	ISR(0x2f);
 256      E958FDFF 
 256      FF6A006A 
 256      2DE94FFD 
 256      FFFF6A00 
 257 02c3 6A006A30 	ISR(0x30);	ISR(0x31);	ISR(0x32);	ISR(0x33);
 257      E934FDFF 
 257      FF6A006A 
 257      31E92BFD 
 257      FFFF6A00 
 258 02e7 6A006A34 	ISR(0x34);	ISR(0x35);	ISR(0x36);	ISR(0x37);
 258      E910FDFF 
GAS LISTING isr_stubs.s 			page 7


 258      FF6A006A 
 258      35E907FD 
 258      FFFF6A00 
 259 030b 6A006A38 	ISR(0x38);	ISR(0x39);	ISR(0x3a);	ISR(0x3b);
 259      E9ECFCFF 
 259      FF6A006A 
 259      39E9E3FC 
 259      FFFF6A00 
 260 032f 6A006A3C 	ISR(0x3c);	ISR(0x3d);	ISR(0x3e);	ISR(0x3f);
 260      E9C8FCFF 
 260      FF6A006A 
 260      3DE9BFFC 
 260      FFFF6A00 
 261 0353 6A006A40 	ISR(0x40);	ISR(0x41);	ISR(0x42);	ISR(0x43);
 261      E9A4FCFF 
 261      FF6A006A 
 261      41E99BFC 
 261      FFFF6A00 
 262 0377 6A006A44 	ISR(0x44);	ISR(0x45);	ISR(0x46);	ISR(0x47);
 262      E980FCFF 
 262      FF6A006A 
 262      45E977FC 
 262      FFFF6A00 
 263 039b 6A006A48 	ISR(0x48);	ISR(0x49);	ISR(0x4a);	ISR(0x4b);
 263      E95CFCFF 
 263      FF6A006A 
 263      49E953FC 
 263      FFFF6A00 
 264 03bf 6A006A4C 	ISR(0x4c);	ISR(0x4d);	ISR(0x4e);	ISR(0x4f);
 264      E938FCFF 
 264      FF6A006A 
 264      4DE92FFC 
 264      FFFF6A00 
 265 03e3 6A006A50 	ISR(0x50);	ISR(0x51);	ISR(0x52);	ISR(0x53);
 265      E914FCFF 
 265      FF6A006A 
 265      51E90BFC 
 265      FFFF6A00 
 266 0407 6A006A54 	ISR(0x54);	ISR(0x55);	ISR(0x56);	ISR(0x57);
 266      E9F0FBFF 
 266      FF6A006A 
 266      55E9E7FB 
 266      FFFF6A00 
 267 042b 6A006A58 	ISR(0x58);	ISR(0x59);	ISR(0x5a);	ISR(0x5b);
 267      E9CCFBFF 
 267      FF6A006A 
 267      59E9C3FB 
 267      FFFF6A00 
 268 044f 6A006A5C 	ISR(0x5c);	ISR(0x5d);	ISR(0x5e);	ISR(0x5f);
 268      E9A8FBFF 
 268      FF6A006A 
 268      5DE99FFB 
 268      FFFF6A00 
 269 0473 6A006A60 	ISR(0x60);	ISR(0x61);	ISR(0x62);	ISR(0x63);
 269      E984FBFF 
 269      FF6A006A 
 269      61E97BFB 
GAS LISTING isr_stubs.s 			page 8


 269      FFFF6A00 
 270 0497 6A006A64 	ISR(0x64);	ISR(0x65);	ISR(0x66);	ISR(0x67);
 270      E960FBFF 
 270      FF6A006A 
 270      65E957FB 
 270      FFFF6A00 
 271 04bb 6A006A68 	ISR(0x68);	ISR(0x69);	ISR(0x6a);	ISR(0x6b);
 271      E93CFBFF 
 271      FF6A006A 
 271      69E933FB 
 271      FFFF6A00 
 272 04df 6A006A6C 	ISR(0x6c);	ISR(0x6d);	ISR(0x6e);	ISR(0x6f);
 272      E918FBFF 
 272      FF6A006A 
 272      6DE90FFB 
 272      FFFF6A00 
 273 0503 6A006A70 	ISR(0x70);	ISR(0x71);	ISR(0x72);	ISR(0x73);
 273      E9F4FAFF 
 273      FF6A006A 
 273      71E9EBFA 
 273      FFFF6A00 
 274 0527 6A006A74 	ISR(0x74);	ISR(0x75);	ISR(0x76);	ISR(0x77);
 274      E9D0FAFF 
 274      FF6A006A 
 274      75E9C7FA 
 274      FFFF6A00 
 275 054b 6A006A78 	ISR(0x78);	ISR(0x79);	ISR(0x7a);	ISR(0x7b);
 275      E9ACFAFF 
 275      FF6A006A 
 275      79E9A3FA 
 275      FFFF6A00 
 276 056f 6A006A7C 	ISR(0x7c);	ISR(0x7d);	ISR(0x7e);	ISR(0x7f);
 276      E988FAFF 
 276      FF6A006A 
 276      7DE97FFA 
 276      FFFF6A00 
 277 0593 6A006880 	ISR(0x80);	ISR(0x81);	ISR(0x82);	ISR(0x83);
 277      000000E9 
 277      61FAFFFF 
 277      6A006881 
 277      000000E9 
 278 05c3 6A006884 	ISR(0x84);	ISR(0x85);	ISR(0x86);	ISR(0x87);
 278      000000E9 
 278      31FAFFFF 
 278      6A006885 
 278      000000E9 
 279 05f3 6A006888 	ISR(0x88);	ISR(0x89);	ISR(0x8a);	ISR(0x8b);
 279      000000E9 
 279      01FAFFFF 
 279      6A006889 
 279      000000E9 
 280 0623 6A00688C 	ISR(0x8c);	ISR(0x8d);	ISR(0x8e);	ISR(0x8f);
 280      000000E9 
 280      D1F9FFFF 
 280      6A00688D 
 280      000000E9 
 281 0653 6A006890 	ISR(0x90);	ISR(0x91);	ISR(0x92);	ISR(0x93);
GAS LISTING isr_stubs.s 			page 9


 281      000000E9 
 281      A1F9FFFF 
 281      6A006891 
 281      000000E9 
 282 0683 6A006894 	ISR(0x94);	ISR(0x95);	ISR(0x96);	ISR(0x97);
 282      000000E9 
 282      71F9FFFF 
 282      6A006895 
 282      000000E9 
 283 06b3 6A006898 	ISR(0x98);	ISR(0x99);	ISR(0x9a);	ISR(0x9b);
 283      000000E9 
 283      41F9FFFF 
 283      6A006899 
 283      000000E9 
 284 06e3 6A00689C 	ISR(0x9c);	ISR(0x9d);	ISR(0x9e);	ISR(0x9f);
 284      000000E9 
 284      11F9FFFF 
 284      6A00689D 
 284      000000E9 
 285 0713 6A0068A0 	ISR(0xa0);	ISR(0xa1);	ISR(0xa2);	ISR(0xa3);
 285      000000E9 
 285      E1F8FFFF 
 285      6A0068A1 
 285      000000E9 
 286 0743 6A0068A4 	ISR(0xa4);	ISR(0xa5);	ISR(0xa6);	ISR(0xa7);
 286      000000E9 
 286      B1F8FFFF 
 286      6A0068A5 
 286      000000E9 
 287 0773 6A0068A8 	ISR(0xa8);	ISR(0xa9);	ISR(0xaa);	ISR(0xab);
 287      000000E9 
 287      81F8FFFF 
 287      6A0068A9 
 287      000000E9 
 288 07a3 6A0068AC 	ISR(0xac);	ISR(0xad);	ISR(0xae);	ISR(0xaf);
 288      000000E9 
 288      51F8FFFF 
 288      6A0068AD 
 288      000000E9 
 289 07d3 6A0068B0 	ISR(0xb0);	ISR(0xb1);	ISR(0xb2);	ISR(0xb3);
 289      000000E9 
 289      21F8FFFF 
 289      6A0068B1 
 289      000000E9 
 290 0803 6A0068B4 	ISR(0xb4);	ISR(0xb5);	ISR(0xb6);	ISR(0xb7);
 290      000000E9 
 290      F1F7FFFF 
 290      6A0068B5 
 290      000000E9 
 291 0833 6A0068B8 	ISR(0xb8);	ISR(0xb9);	ISR(0xba);	ISR(0xbb);
 291      000000E9 
 291      C1F7FFFF 
 291      6A0068B9 
 291      000000E9 
 292 0863 6A0068BC 	ISR(0xbc);	ISR(0xbd);	ISR(0xbe);	ISR(0xbf);
 292      000000E9 
 292      91F7FFFF 
GAS LISTING isr_stubs.s 			page 10


 292      6A0068BD 
 292      000000E9 
 293 0893 6A0068C0 	ISR(0xc0);	ISR(0xc1);	ISR(0xc2);	ISR(0xc3);
 293      000000E9 
 293      61F7FFFF 
 293      6A0068C1 
 293      000000E9 
 294 08c3 6A0068C4 	ISR(0xc4);	ISR(0xc5);	ISR(0xc6);	ISR(0xc7);
 294      000000E9 
 294      31F7FFFF 
 294      6A0068C5 
 294      000000E9 
 295 08f3 6A0068C8 	ISR(0xc8);	ISR(0xc9);	ISR(0xca);	ISR(0xcb);
 295      000000E9 
 295      01F7FFFF 
 295      6A0068C9 
 295      000000E9 
 296 0923 6A0068CC 	ISR(0xcc);	ISR(0xcd);	ISR(0xce);	ISR(0xcf);
 296      000000E9 
 296      D1F6FFFF 
 296      6A0068CD 
 296      000000E9 
 297 0953 6A0068D0 	ISR(0xd0);	ISR(0xd1);	ISR(0xd2);	ISR(0xd3);
 297      000000E9 
 297      A1F6FFFF 
 297      6A0068D1 
 297      000000E9 
 298 0983 6A0068D4 	ISR(0xd4);	ISR(0xd5);	ISR(0xd6);	ISR(0xd7);
 298      000000E9 
 298      71F6FFFF 
 298      6A0068D5 
 298      000000E9 
 299 09b3 6A0068D8 	ISR(0xd8);	ISR(0xd9);	ISR(0xda);	ISR(0xdb);
 299      000000E9 
 299      41F6FFFF 
 299      6A0068D9 
 299      000000E9 
 300 09e3 6A0068DC 	ISR(0xdc);	ISR(0xdd);	ISR(0xde);	ISR(0xdf);
 300      000000E9 
 300      11F6FFFF 
 300      6A0068DD 
 300      000000E9 
 301 0a13 6A0068E0 	ISR(0xe0);	ISR(0xe1);	ISR(0xe2);	ISR(0xe3);
 301      000000E9 
 301      E1F5FFFF 
 301      6A0068E1 
 301      000000E9 
 302 0a43 6A0068E4 	ISR(0xe4);	ISR(0xe5);	ISR(0xe6);	ISR(0xe7);
 302      000000E9 
 302      B1F5FFFF 
 302      6A0068E5 
 302      000000E9 
 303 0a73 6A0068E8 	ISR(0xe8);	ISR(0xe9);	ISR(0xea);	ISR(0xeb);
 303      000000E9 
 303      81F5FFFF 
 303      6A0068E9 
 303      000000E9 
GAS LISTING isr_stubs.s 			page 11


 304 0aa3 6A0068EC 	ISR(0xec);	ISR(0xed);	ISR(0xee);	ISR(0xef);
 304      000000E9 
 304      51F5FFFF 
 304      6A0068ED 
 304      000000E9 
 305 0ad3 6A0068F0 	ISR(0xf0);	ISR(0xf1);	ISR(0xf2);	ISR(0xf3);
 305      000000E9 
 305      21F5FFFF 
 305      6A0068F1 
 305      000000E9 
 306 0b03 6A0068F4 	ISR(0xf4);	ISR(0xf5);	ISR(0xf6);	ISR(0xf7);
 306      000000E9 
 306      F1F4FFFF 
 306      6A0068F5 
 306      000000E9 
 307 0b33 6A0068F8 	ISR(0xf8);	ISR(0xf9);	ISR(0xfa);	ISR(0xfb);
 307      000000E9 
 307      C1F4FFFF 
 307      6A0068F9 
 307      000000E9 
 308 0b63 6A0068FC 	ISR(0xfc);	ISR(0xfd);	ISR(0xfe);	ISR(0xff);
 308      000000E9 
 308      91F4FFFF 
 308      6A0068FD 
 308      000000E9 
 309              	
 310              		.data
 311              	
 312              	/*
 313              	** This table contains the addresses where each of the preceding
 314              	** stubs begins.  This information is needed to initialize the
 315              	** Interrupt Descriptor Table in support.c
 316              	*/
 317              		.globl	__isr_stub_table
 318              	__isr_stub_table:
 319 0000 00000000 		.long	__isr_0x00, __isr_0x01, __isr_0x02, __isr_0x03
 319      00000000 
 319      00000000 
 319      00000000 
 320 0010 00000000 		.long	__isr_0x04, __isr_0x05, __isr_0x06, __isr_0x07
 320      00000000 
 320      00000000 
 320      00000000 
 321 0020 00000000 		.long	__isr_0x08, __isr_0x09, __isr_0x0a, __isr_0x0b
 321      00000000 
 321      00000000 
 321      00000000 
 322 0030 00000000 		.long	__isr_0x0c, __isr_0x0d, __isr_0x0e, __isr_0x0f
 322      00000000 
 322      00000000 
 322      00000000 
 323 0040 00000000 		.long	__isr_0x10, __isr_0x11, __isr_0x12, __isr_0x13
 323      00000000 
 323      00000000 
 323      00000000 
 324 0050 00000000 		.long	__isr_0x14, __isr_0x15, __isr_0x16, __isr_0x17
 324      00000000 
GAS LISTING isr_stubs.s 			page 12


 324      00000000 
 324      00000000 
 325 0060 00000000 		.long	__isr_0x18, __isr_0x19, __isr_0x1a, __isr_0x1b
 325      00000000 
 325      00000000 
 325      00000000 
 326 0070 00000000 		.long	__isr_0x1c, __isr_0x1d, __isr_0x1e, __isr_0x1f
 326      00000000 
 326      00000000 
 326      00000000 
 327 0080 00000000 		.long	__isr_0x20, __isr_0x21, __isr_0x22, __isr_0x23
 327      00000000 
 327      00000000 
 327      00000000 
 328 0090 00000000 		.long	__isr_0x24, __isr_0x25, __isr_0x26, __isr_0x27
 328      00000000 
 328      00000000 
 328      00000000 
 329 00a0 00000000 		.long	__isr_0x28, __isr_0x29, __isr_0x2a, __isr_0x2b
 329      00000000 
 329      00000000 
 329      00000000 
 330 00b0 00000000 		.long	__isr_0x2c, __isr_0x2d, __isr_0x2e, __isr_0x2f
 330      00000000 
 330      00000000 
 330      00000000 
 331 00c0 00000000 		.long	__isr_0x30, __isr_0x31, __isr_0x32, __isr_0x33
 331      00000000 
 331      00000000 
 331      00000000 
 332 00d0 00000000 		.long	__isr_0x34, __isr_0x35, __isr_0x36, __isr_0x37
 332      00000000 
 332      00000000 
 332      00000000 
 333 00e0 00000000 		.long	__isr_0x38, __isr_0x39, __isr_0x3a, __isr_0x3b
 333      00000000 
 333      00000000 
 333      00000000 
 334 00f0 00000000 		.long	__isr_0x3c, __isr_0x3d, __isr_0x3e, __isr_0x3f
 334      00000000 
 334      00000000 
 334      00000000 
 335 0100 00000000 		.long	__isr_0x40, __isr_0x41, __isr_0x42, __isr_0x43
 335      00000000 
 335      00000000 
 335      00000000 
 336 0110 00000000 		.long	__isr_0x44, __isr_0x45, __isr_0x46, __isr_0x47
 336      00000000 
 336      00000000 
 336      00000000 
 337 0120 00000000 		.long	__isr_0x48, __isr_0x49, __isr_0x4a, __isr_0x4b
 337      00000000 
 337      00000000 
 337      00000000 
 338 0130 00000000 		.long	__isr_0x4c, __isr_0x4d, __isr_0x4e, __isr_0x4f
 338      00000000 
 338      00000000 
GAS LISTING isr_stubs.s 			page 13


 338      00000000 
 339 0140 00000000 		.long	__isr_0x50, __isr_0x51, __isr_0x52, __isr_0x53
 339      00000000 
 339      00000000 
 339      00000000 
 340 0150 00000000 		.long	__isr_0x54, __isr_0x55, __isr_0x56, __isr_0x57
 340      00000000 
 340      00000000 
 340      00000000 
 341 0160 00000000 		.long	__isr_0x58, __isr_0x59, __isr_0x5a, __isr_0x5b
 341      00000000 
 341      00000000 
 341      00000000 
 342 0170 00000000 		.long	__isr_0x5c, __isr_0x5d, __isr_0x5e, __isr_0x5f
 342      00000000 
 342      00000000 
 342      00000000 
 343 0180 00000000 		.long	__isr_0x60, __isr_0x61, __isr_0x62, __isr_0x63
 343      00000000 
 343      00000000 
 343      00000000 
 344 0190 00000000 		.long	__isr_0x64, __isr_0x65, __isr_0x66, __isr_0x67
 344      00000000 
 344      00000000 
 344      00000000 
 345 01a0 00000000 		.long	__isr_0x68, __isr_0x69, __isr_0x6a, __isr_0x6b
 345      00000000 
 345      00000000 
 345      00000000 
 346 01b0 00000000 		.long	__isr_0x6c, __isr_0x6d, __isr_0x6e, __isr_0x6f
 346      00000000 
 346      00000000 
 346      00000000 
 347 01c0 00000000 		.long	__isr_0x70, __isr_0x71, __isr_0x72, __isr_0x73
 347      00000000 
 347      00000000 
 347      00000000 
 348 01d0 00000000 		.long	__isr_0x74, __isr_0x75, __isr_0x76, __isr_0x77
 348      00000000 
 348      00000000 
 348      00000000 
 349 01e0 00000000 		.long	__isr_0x78, __isr_0x79, __isr_0x7a, __isr_0x7b
 349      00000000 
 349      00000000 
 349      00000000 
 350 01f0 00000000 		.long	__isr_0x7c, __isr_0x7d, __isr_0x7e, __isr_0x7f
 350      00000000 
 350      00000000 
 350      00000000 
 351 0200 00000000 		.long	__isr_0x80, __isr_0x81, __isr_0x82, __isr_0x83
 351      00000000 
 351      00000000 
 351      00000000 
 352 0210 00000000 		.long	__isr_0x84, __isr_0x85, __isr_0x86, __isr_0x87
 352      00000000 
 352      00000000 
 352      00000000 
GAS LISTING isr_stubs.s 			page 14


 353 0220 00000000 		.long	__isr_0x88, __isr_0x89, __isr_0x8a, __isr_0x8b
 353      00000000 
 353      00000000 
 353      00000000 
 354 0230 00000000 		.long	__isr_0x8c, __isr_0x8d, __isr_0x8e, __isr_0x8f
 354      00000000 
 354      00000000 
 354      00000000 
 355 0240 00000000 		.long	__isr_0x90, __isr_0x91, __isr_0x92, __isr_0x93
 355      00000000 
 355      00000000 
 355      00000000 
 356 0250 00000000 		.long	__isr_0x94, __isr_0x95, __isr_0x96, __isr_0x97
 356      00000000 
 356      00000000 
 356      00000000 
 357 0260 00000000 		.long	__isr_0x98, __isr_0x99, __isr_0x9a, __isr_0x9b
 357      00000000 
 357      00000000 
 357      00000000 
 358 0270 00000000 		.long	__isr_0x9c, __isr_0x9d, __isr_0x9e, __isr_0x9f
 358      00000000 
 358      00000000 
 358      00000000 
 359 0280 00000000 		.long	__isr_0xa0, __isr_0xa1, __isr_0xa2, __isr_0xa3
 359      00000000 
 359      00000000 
 359      00000000 
 360 0290 00000000 		.long	__isr_0xa4, __isr_0xa5, __isr_0xa6, __isr_0xa7
 360      00000000 
 360      00000000 
 360      00000000 
 361 02a0 00000000 		.long	__isr_0xa8, __isr_0xa9, __isr_0xaa, __isr_0xab
 361      00000000 
 361      00000000 
 361      00000000 
 362 02b0 00000000 		.long	__isr_0xac, __isr_0xad, __isr_0xae, __isr_0xaf
 362      00000000 
 362      00000000 
 362      00000000 
 363 02c0 00000000 		.long	__isr_0xb0, __isr_0xb1, __isr_0xb2, __isr_0xb3
 363      00000000 
 363      00000000 
 363      00000000 
 364 02d0 00000000 		.long	__isr_0xb4, __isr_0xb5, __isr_0xb6, __isr_0xb7
 364      00000000 
 364      00000000 
 364      00000000 
 365 02e0 00000000 		.long	__isr_0xb8, __isr_0xb9, __isr_0xba, __isr_0xbb
 365      00000000 
 365      00000000 
 365      00000000 
 366 02f0 00000000 		.long	__isr_0xbc, __isr_0xbd, __isr_0xbe, __isr_0xbf
 366      00000000 
 366      00000000 
 366      00000000 
 367 0300 00000000 		.long	__isr_0xc0, __isr_0xc1, __isr_0xc2, __isr_0xc3
GAS LISTING isr_stubs.s 			page 15


 367      00000000 
 367      00000000 
 367      00000000 
 368 0310 00000000 		.long	__isr_0xc4, __isr_0xc5, __isr_0xc6, __isr_0xc7
 368      00000000 
 368      00000000 
 368      00000000 
 369 0320 00000000 		.long	__isr_0xc8, __isr_0xc9, __isr_0xca, __isr_0xcb
 369      00000000 
 369      00000000 
 369      00000000 
 370 0330 00000000 		.long	__isr_0xcc, __isr_0xcd, __isr_0xce, __isr_0xcf
 370      00000000 
 370      00000000 
 370      00000000 
 371 0340 00000000 		.long	__isr_0xd0, __isr_0xd1, __isr_0xd2, __isr_0xd3
 371      00000000 
 371      00000000 
 371      00000000 
 372 0350 00000000 		.long	__isr_0xd4, __isr_0xd5, __isr_0xd6, __isr_0xd7
 372      00000000 
 372      00000000 
 372      00000000 
 373 0360 00000000 		.long	__isr_0xd8, __isr_0xd9, __isr_0xda, __isr_0xdb
 373      00000000 
 373      00000000 
 373      00000000 
 374 0370 00000000 		.long	__isr_0xdc, __isr_0xdd, __isr_0xde, __isr_0xdf
 374      00000000 
 374      00000000 
 374      00000000 
 375 0380 00000000 		.long	__isr_0xe0, __isr_0xe1, __isr_0xe2, __isr_0xe3
 375      00000000 
 375      00000000 
 375      00000000 
 376 0390 00000000 		.long	__isr_0xe4, __isr_0xe5, __isr_0xe6, __isr_0xe7
 376      00000000 
 376      00000000 
 376      00000000 
 377 03a0 00000000 		.long	__isr_0xe8, __isr_0xe9, __isr_0xea, __isr_0xeb
 377      00000000 
 377      00000000 
 377      00000000 
 378 03b0 00000000 		.long	__isr_0xec, __isr_0xed, __isr_0xee, __isr_0xef
 378      00000000 
 378      00000000 
 378      00000000 
 379 03c0 00000000 		.long	__isr_0xf0, __isr_0xf1, __isr_0xf2, __isr_0xf3
 379      00000000 
 379      00000000 
 379      00000000 
 380 03d0 00000000 		.long	__isr_0xf4, __isr_0xf5, __isr_0xf6, __isr_0xf7
 380      00000000 
 380      00000000 
 380      00000000 
 381 03e0 00000000 		.long	__isr_0xf8, __isr_0xf9, __isr_0xfa, __isr_0xfb
 381      00000000 
GAS LISTING isr_stubs.s 			page 16


 381      00000000 
 381      00000000 
 382 03f0 00000000 		.long	__isr_0xfc, __isr_0xfd, __isr_0xfe, __isr_0xff
 382      00000000 
 382      00000000 
 382      00000000 
GAS LISTING isr_stubs.s 			page 17


DEFINED SYMBOLS
         isr_stubs.S:139    .text:000000000000002c __isr_restore
         isr_stubs.S:68     .text:0000000000000000 isr_save
         isr_stubs.S:228    .text:0000000000000063 fmt
         isr_stubs.S:245    .text:0000000000000121 __isr_0x00
         isr_stubs.S:245    .text:000000000000012a __isr_0x01
         isr_stubs.S:245    .text:0000000000000133 __isr_0x02
         isr_stubs.S:245    .text:000000000000013c __isr_0x03
         isr_stubs.S:246    .text:0000000000000145 __isr_0x04
         isr_stubs.S:246    .text:000000000000014e __isr_0x05
         isr_stubs.S:246    .text:0000000000000157 __isr_0x06
         isr_stubs.S:246    .text:0000000000000160 __isr_0x07
         isr_stubs.S:247    .text:0000000000000169 __isr_0x08
         isr_stubs.S:247    .text:0000000000000170 __isr_0x09
         isr_stubs.S:247    .text:0000000000000179 __isr_0x0a
         isr_stubs.S:247    .text:0000000000000180 __isr_0x0b
         isr_stubs.S:248    .text:0000000000000187 __isr_0x0c
         isr_stubs.S:248    .text:000000000000018e __isr_0x0d
         isr_stubs.S:248    .text:0000000000000195 __isr_0x0e
         isr_stubs.S:248    .text:000000000000019c __isr_0x0f
         isr_stubs.S:249    .text:00000000000001a5 __isr_0x10
         isr_stubs.S:249    .text:00000000000001ae __isr_0x11
         isr_stubs.S:249    .text:00000000000001b5 __isr_0x12
         isr_stubs.S:249    .text:00000000000001be __isr_0x13
         isr_stubs.S:250    .text:00000000000001c7 __isr_0x14
         isr_stubs.S:250    .text:00000000000001d0 __isr_0x15
         isr_stubs.S:250    .text:00000000000001d9 __isr_0x16
         isr_stubs.S:250    .text:00000000000001e2 __isr_0x17
         isr_stubs.S:251    .text:00000000000001eb __isr_0x18
         isr_stubs.S:251    .text:00000000000001f4 __isr_0x19
         isr_stubs.S:251    .text:00000000000001fd __isr_0x1a
         isr_stubs.S:251    .text:0000000000000206 __isr_0x1b
         isr_stubs.S:252    .text:000000000000020f __isr_0x1c
         isr_stubs.S:252    .text:0000000000000218 __isr_0x1d
         isr_stubs.S:252    .text:0000000000000221 __isr_0x1e
         isr_stubs.S:252    .text:000000000000022a __isr_0x1f
         isr_stubs.S:253    .text:0000000000000233 __isr_0x20
         isr_stubs.S:253    .text:000000000000023c __isr_0x21
         isr_stubs.S:253    .text:0000000000000245 __isr_0x22
         isr_stubs.S:253    .text:000000000000024e __isr_0x23
         isr_stubs.S:254    .text:0000000000000257 __isr_0x24
         isr_stubs.S:254    .text:0000000000000260 __isr_0x25
         isr_stubs.S:254    .text:0000000000000269 __isr_0x26
         isr_stubs.S:254    .text:0000000000000272 __isr_0x27
         isr_stubs.S:255    .text:000000000000027b __isr_0x28
         isr_stubs.S:255    .text:0000000000000284 __isr_0x29
         isr_stubs.S:255    .text:000000000000028d __isr_0x2a
         isr_stubs.S:255    .text:0000000000000296 __isr_0x2b
         isr_stubs.S:256    .text:000000000000029f __isr_0x2c
         isr_stubs.S:256    .text:00000000000002a8 __isr_0x2d
         isr_stubs.S:256    .text:00000000000002b1 __isr_0x2e
         isr_stubs.S:256    .text:00000000000002ba __isr_0x2f
         isr_stubs.S:257    .text:00000000000002c3 __isr_0x30
         isr_stubs.S:257    .text:00000000000002cc __isr_0x31
         isr_stubs.S:257    .text:00000000000002d5 __isr_0x32
         isr_stubs.S:257    .text:00000000000002de __isr_0x33
         isr_stubs.S:258    .text:00000000000002e7 __isr_0x34
GAS LISTING isr_stubs.s 			page 18


         isr_stubs.S:258    .text:00000000000002f0 __isr_0x35
         isr_stubs.S:258    .text:00000000000002f9 __isr_0x36
         isr_stubs.S:258    .text:0000000000000302 __isr_0x37
         isr_stubs.S:259    .text:000000000000030b __isr_0x38
         isr_stubs.S:259    .text:0000000000000314 __isr_0x39
         isr_stubs.S:259    .text:000000000000031d __isr_0x3a
         isr_stubs.S:259    .text:0000000000000326 __isr_0x3b
         isr_stubs.S:260    .text:000000000000032f __isr_0x3c
         isr_stubs.S:260    .text:0000000000000338 __isr_0x3d
         isr_stubs.S:260    .text:0000000000000341 __isr_0x3e
         isr_stubs.S:260    .text:000000000000034a __isr_0x3f
         isr_stubs.S:261    .text:0000000000000353 __isr_0x40
         isr_stubs.S:261    .text:000000000000035c __isr_0x41
         isr_stubs.S:261    .text:0000000000000365 __isr_0x42
         isr_stubs.S:261    .text:000000000000036e __isr_0x43
         isr_stubs.S:262    .text:0000000000000377 __isr_0x44
         isr_stubs.S:262    .text:0000000000000380 __isr_0x45
         isr_stubs.S:262    .text:0000000000000389 __isr_0x46
         isr_stubs.S:262    .text:0000000000000392 __isr_0x47
         isr_stubs.S:263    .text:000000000000039b __isr_0x48
         isr_stubs.S:263    .text:00000000000003a4 __isr_0x49
         isr_stubs.S:263    .text:00000000000003ad __isr_0x4a
         isr_stubs.S:263    .text:00000000000003b6 __isr_0x4b
         isr_stubs.S:264    .text:00000000000003bf __isr_0x4c
         isr_stubs.S:264    .text:00000000000003c8 __isr_0x4d
         isr_stubs.S:264    .text:00000000000003d1 __isr_0x4e
         isr_stubs.S:264    .text:00000000000003da __isr_0x4f
         isr_stubs.S:265    .text:00000000000003e3 __isr_0x50
         isr_stubs.S:265    .text:00000000000003ec __isr_0x51
         isr_stubs.S:265    .text:00000000000003f5 __isr_0x52
         isr_stubs.S:265    .text:00000000000003fe __isr_0x53
         isr_stubs.S:266    .text:0000000000000407 __isr_0x54
         isr_stubs.S:266    .text:0000000000000410 __isr_0x55
         isr_stubs.S:266    .text:0000000000000419 __isr_0x56
         isr_stubs.S:266    .text:0000000000000422 __isr_0x57
         isr_stubs.S:267    .text:000000000000042b __isr_0x58
         isr_stubs.S:267    .text:0000000000000434 __isr_0x59
         isr_stubs.S:267    .text:000000000000043d __isr_0x5a
         isr_stubs.S:267    .text:0000000000000446 __isr_0x5b
         isr_stubs.S:268    .text:000000000000044f __isr_0x5c
         isr_stubs.S:268    .text:0000000000000458 __isr_0x5d
         isr_stubs.S:268    .text:0000000000000461 __isr_0x5e
         isr_stubs.S:268    .text:000000000000046a __isr_0x5f
         isr_stubs.S:269    .text:0000000000000473 __isr_0x60
         isr_stubs.S:269    .text:000000000000047c __isr_0x61
         isr_stubs.S:269    .text:0000000000000485 __isr_0x62
         isr_stubs.S:269    .text:000000000000048e __isr_0x63
         isr_stubs.S:270    .text:0000000000000497 __isr_0x64
         isr_stubs.S:270    .text:00000000000004a0 __isr_0x65
         isr_stubs.S:270    .text:00000000000004a9 __isr_0x66
         isr_stubs.S:270    .text:00000000000004b2 __isr_0x67
         isr_stubs.S:271    .text:00000000000004bb __isr_0x68
         isr_stubs.S:271    .text:00000000000004c4 __isr_0x69
         isr_stubs.S:271    .text:00000000000004cd __isr_0x6a
         isr_stubs.S:271    .text:00000000000004d6 __isr_0x6b
         isr_stubs.S:272    .text:00000000000004df __isr_0x6c
         isr_stubs.S:272    .text:00000000000004e8 __isr_0x6d
GAS LISTING isr_stubs.s 			page 19


         isr_stubs.S:272    .text:00000000000004f1 __isr_0x6e
         isr_stubs.S:272    .text:00000000000004fa __isr_0x6f
         isr_stubs.S:273    .text:0000000000000503 __isr_0x70
         isr_stubs.S:273    .text:000000000000050c __isr_0x71
         isr_stubs.S:273    .text:0000000000000515 __isr_0x72
         isr_stubs.S:273    .text:000000000000051e __isr_0x73
         isr_stubs.S:274    .text:0000000000000527 __isr_0x74
         isr_stubs.S:274    .text:0000000000000530 __isr_0x75
         isr_stubs.S:274    .text:0000000000000539 __isr_0x76
         isr_stubs.S:274    .text:0000000000000542 __isr_0x77
         isr_stubs.S:275    .text:000000000000054b __isr_0x78
         isr_stubs.S:275    .text:0000000000000554 __isr_0x79
         isr_stubs.S:275    .text:000000000000055d __isr_0x7a
         isr_stubs.S:275    .text:0000000000000566 __isr_0x7b
         isr_stubs.S:276    .text:000000000000056f __isr_0x7c
         isr_stubs.S:276    .text:0000000000000578 __isr_0x7d
         isr_stubs.S:276    .text:0000000000000581 __isr_0x7e
         isr_stubs.S:276    .text:000000000000058a __isr_0x7f
         isr_stubs.S:277    .text:0000000000000593 __isr_0x80
         isr_stubs.S:277    .text:000000000000059f __isr_0x81
         isr_stubs.S:277    .text:00000000000005ab __isr_0x82
         isr_stubs.S:277    .text:00000000000005b7 __isr_0x83
         isr_stubs.S:278    .text:00000000000005c3 __isr_0x84
         isr_stubs.S:278    .text:00000000000005cf __isr_0x85
         isr_stubs.S:278    .text:00000000000005db __isr_0x86
         isr_stubs.S:278    .text:00000000000005e7 __isr_0x87
         isr_stubs.S:279    .text:00000000000005f3 __isr_0x88
         isr_stubs.S:279    .text:00000000000005ff __isr_0x89
         isr_stubs.S:279    .text:000000000000060b __isr_0x8a
         isr_stubs.S:279    .text:0000000000000617 __isr_0x8b
         isr_stubs.S:280    .text:0000000000000623 __isr_0x8c
         isr_stubs.S:280    .text:000000000000062f __isr_0x8d
         isr_stubs.S:280    .text:000000000000063b __isr_0x8e
         isr_stubs.S:280    .text:0000000000000647 __isr_0x8f
         isr_stubs.S:281    .text:0000000000000653 __isr_0x90
         isr_stubs.S:281    .text:000000000000065f __isr_0x91
         isr_stubs.S:281    .text:000000000000066b __isr_0x92
         isr_stubs.S:281    .text:0000000000000677 __isr_0x93
         isr_stubs.S:282    .text:0000000000000683 __isr_0x94
         isr_stubs.S:282    .text:000000000000068f __isr_0x95
         isr_stubs.S:282    .text:000000000000069b __isr_0x96
         isr_stubs.S:282    .text:00000000000006a7 __isr_0x97
         isr_stubs.S:283    .text:00000000000006b3 __isr_0x98
         isr_stubs.S:283    .text:00000000000006bf __isr_0x99
         isr_stubs.S:283    .text:00000000000006cb __isr_0x9a
         isr_stubs.S:283    .text:00000000000006d7 __isr_0x9b
         isr_stubs.S:284    .text:00000000000006e3 __isr_0x9c
         isr_stubs.S:284    .text:00000000000006ef __isr_0x9d
         isr_stubs.S:284    .text:00000000000006fb __isr_0x9e
         isr_stubs.S:284    .text:0000000000000707 __isr_0x9f
         isr_stubs.S:285    .text:0000000000000713 __isr_0xa0
         isr_stubs.S:285    .text:000000000000071f __isr_0xa1
         isr_stubs.S:285    .text:000000000000072b __isr_0xa2
         isr_stubs.S:285    .text:0000000000000737 __isr_0xa3
         isr_stubs.S:286    .text:0000000000000743 __isr_0xa4
         isr_stubs.S:286    .text:000000000000074f __isr_0xa5
         isr_stubs.S:286    .text:000000000000075b __isr_0xa6
GAS LISTING isr_stubs.s 			page 20


         isr_stubs.S:286    .text:0000000000000767 __isr_0xa7
         isr_stubs.S:287    .text:0000000000000773 __isr_0xa8
         isr_stubs.S:287    .text:000000000000077f __isr_0xa9
         isr_stubs.S:287    .text:000000000000078b __isr_0xaa
         isr_stubs.S:287    .text:0000000000000797 __isr_0xab
         isr_stubs.S:288    .text:00000000000007a3 __isr_0xac
         isr_stubs.S:288    .text:00000000000007af __isr_0xad
         isr_stubs.S:288    .text:00000000000007bb __isr_0xae
         isr_stubs.S:288    .text:00000000000007c7 __isr_0xaf
         isr_stubs.S:289    .text:00000000000007d3 __isr_0xb0
         isr_stubs.S:289    .text:00000000000007df __isr_0xb1
         isr_stubs.S:289    .text:00000000000007eb __isr_0xb2
         isr_stubs.S:289    .text:00000000000007f7 __isr_0xb3
         isr_stubs.S:290    .text:0000000000000803 __isr_0xb4
         isr_stubs.S:290    .text:000000000000080f __isr_0xb5
         isr_stubs.S:290    .text:000000000000081b __isr_0xb6
         isr_stubs.S:290    .text:0000000000000827 __isr_0xb7
         isr_stubs.S:291    .text:0000000000000833 __isr_0xb8
         isr_stubs.S:291    .text:000000000000083f __isr_0xb9
         isr_stubs.S:291    .text:000000000000084b __isr_0xba
         isr_stubs.S:291    .text:0000000000000857 __isr_0xbb
         isr_stubs.S:292    .text:0000000000000863 __isr_0xbc
         isr_stubs.S:292    .text:000000000000086f __isr_0xbd
         isr_stubs.S:292    .text:000000000000087b __isr_0xbe
         isr_stubs.S:292    .text:0000000000000887 __isr_0xbf
         isr_stubs.S:293    .text:0000000000000893 __isr_0xc0
         isr_stubs.S:293    .text:000000000000089f __isr_0xc1
         isr_stubs.S:293    .text:00000000000008ab __isr_0xc2
         isr_stubs.S:293    .text:00000000000008b7 __isr_0xc3
         isr_stubs.S:294    .text:00000000000008c3 __isr_0xc4
         isr_stubs.S:294    .text:00000000000008cf __isr_0xc5
         isr_stubs.S:294    .text:00000000000008db __isr_0xc6
         isr_stubs.S:294    .text:00000000000008e7 __isr_0xc7
         isr_stubs.S:295    .text:00000000000008f3 __isr_0xc8
         isr_stubs.S:295    .text:00000000000008ff __isr_0xc9
         isr_stubs.S:295    .text:000000000000090b __isr_0xca
         isr_stubs.S:295    .text:0000000000000917 __isr_0xcb
         isr_stubs.S:296    .text:0000000000000923 __isr_0xcc
         isr_stubs.S:296    .text:000000000000092f __isr_0xcd
         isr_stubs.S:296    .text:000000000000093b __isr_0xce
         isr_stubs.S:296    .text:0000000000000947 __isr_0xcf
         isr_stubs.S:297    .text:0000000000000953 __isr_0xd0
         isr_stubs.S:297    .text:000000000000095f __isr_0xd1
         isr_stubs.S:297    .text:000000000000096b __isr_0xd2
         isr_stubs.S:297    .text:0000000000000977 __isr_0xd3
         isr_stubs.S:298    .text:0000000000000983 __isr_0xd4
         isr_stubs.S:298    .text:000000000000098f __isr_0xd5
         isr_stubs.S:298    .text:000000000000099b __isr_0xd6
         isr_stubs.S:298    .text:00000000000009a7 __isr_0xd7
         isr_stubs.S:299    .text:00000000000009b3 __isr_0xd8
         isr_stubs.S:299    .text:00000000000009bf __isr_0xd9
         isr_stubs.S:299    .text:00000000000009cb __isr_0xda
         isr_stubs.S:299    .text:00000000000009d7 __isr_0xdb
         isr_stubs.S:300    .text:00000000000009e3 __isr_0xdc
         isr_stubs.S:300    .text:00000000000009ef __isr_0xdd
         isr_stubs.S:300    .text:00000000000009fb __isr_0xde
         isr_stubs.S:300    .text:0000000000000a07 __isr_0xdf
GAS LISTING isr_stubs.s 			page 21


         isr_stubs.S:301    .text:0000000000000a13 __isr_0xe0
         isr_stubs.S:301    .text:0000000000000a1f __isr_0xe1
         isr_stubs.S:301    .text:0000000000000a2b __isr_0xe2
         isr_stubs.S:301    .text:0000000000000a37 __isr_0xe3
         isr_stubs.S:302    .text:0000000000000a43 __isr_0xe4
         isr_stubs.S:302    .text:0000000000000a4f __isr_0xe5
         isr_stubs.S:302    .text:0000000000000a5b __isr_0xe6
         isr_stubs.S:302    .text:0000000000000a67 __isr_0xe7
         isr_stubs.S:303    .text:0000000000000a73 __isr_0xe8
         isr_stubs.S:303    .text:0000000000000a7f __isr_0xe9
         isr_stubs.S:303    .text:0000000000000a8b __isr_0xea
         isr_stubs.S:303    .text:0000000000000a97 __isr_0xeb
         isr_stubs.S:304    .text:0000000000000aa3 __isr_0xec
         isr_stubs.S:304    .text:0000000000000aaf __isr_0xed
         isr_stubs.S:304    .text:0000000000000abb __isr_0xee
         isr_stubs.S:304    .text:0000000000000ac7 __isr_0xef
         isr_stubs.S:305    .text:0000000000000ad3 __isr_0xf0
         isr_stubs.S:305    .text:0000000000000adf __isr_0xf1
         isr_stubs.S:305    .text:0000000000000aeb __isr_0xf2
         isr_stubs.S:305    .text:0000000000000af7 __isr_0xf3
         isr_stubs.S:306    .text:0000000000000b03 __isr_0xf4
         isr_stubs.S:306    .text:0000000000000b0f __isr_0xf5
         isr_stubs.S:306    .text:0000000000000b1b __isr_0xf6
         isr_stubs.S:306    .text:0000000000000b27 __isr_0xf7
         isr_stubs.S:307    .text:0000000000000b33 __isr_0xf8
         isr_stubs.S:307    .text:0000000000000b3f __isr_0xf9
         isr_stubs.S:307    .text:0000000000000b4b __isr_0xfa
         isr_stubs.S:307    .text:0000000000000b57 __isr_0xfb
         isr_stubs.S:308    .text:0000000000000b63 __isr_0xfc
         isr_stubs.S:308    .text:0000000000000b6f __isr_0xfd
         isr_stubs.S:308    .text:0000000000000b7b __isr_0xfe
         isr_stubs.S:308    .text:0000000000000b87 __isr_0xff
         isr_stubs.S:318    .data:0000000000000000 __isr_stub_table

UNDEFINED SYMBOLS
__isr_table
_current
_system_esp
_system_time
c_printf_at
